<?xml version="1.0" encoding="UTF-8"?>
<!-- Generated by org.testng.reporters.JUnitXMLReporter -->
<testsuite hostname="DESKTOP-U4UFQUC" ignored="2" name="Test" tests="5" failures="1" timestamp="17 Jun 2019 13:58:57 GMT" time="28.467" errors="0">
  <testcase name="login" time="10.453" classname="com.taxgenie.testcases.Login"/>
  <testcase name="companyselection" time="5.09" classname="com.taxgenie.testcases.Login"/>
  <testcase name="productSelection" time="3.657" classname="com.taxgenie.testcases.ProductSelection"/>
  <testcase name="fileUpload" time="6.148" classname="com.taxgenie.testcases.ProductSelection">
    <failure type="org.openqa.selenium.support.ui.UnexpectedTagNameException" message="Element should have been &amp;quot;select&amp;quot; but was &amp;quot;span&amp;quot;
Build info: version: &amp;apos;3.14.0&amp;apos;, revision: &amp;apos;aacccce0&amp;apos;, time: &amp;apos;2018-08-02T20:19:58.91Z&amp;apos;
System info: host: &amp;apos;DESKTOP-U4UFQUC&amp;apos;, ip: &amp;apos;192.168.100.47&amp;apos;, os.name: &amp;apos;Windows 10&amp;apos;, os.arch: &amp;apos;amd64&amp;apos;, os.version: &amp;apos;10.0&amp;apos;, java.version: &amp;apos;1.8.0_181&amp;apos;
Driver info: driver.version: unknown">
      <![CDATA[org.openqa.selenium.support.ui.UnexpectedTagNameException: Element should have been "select" but was "span"
Build info: version: '3.14.0', revision: 'aacccce0', time: '2018-08-02T20:19:58.91Z'
System info: host: 'DESKTOP-U4UFQUC', ip: '192.168.100.47', os.name: 'Windows 10', os.arch: 'amd64', os.version: '10.0', java.version: '1.8.0_181'
Driver info: driver.version: unknown
at org.openqa.selenium.support.ui.Select.<init>(Select.java:47)
at com.taxgenie.testcases.ProductSelection.fileUpload(ProductSelection.java:37)
... Removed 25 stack frames]]>
    </failure>
  </testcase> <!-- fileUpload -->
  <testcase name="gstr2summ" time="3.099" classname="com.taxgenie.testcases.Gstr2"/>
  <testcase name="@BeforeSuite setUp" time="0.0" classname="com.taxgenie.base.Base">
    <ignored/>
  </testcase> <!-- @BeforeSuite setUp -->
  <testcase name="@BeforeSuite setUp" time="0.0" classname="com.taxgenie.base.Base">
    <ignored/>
  </testcase> <!-- @BeforeSuite setUp -->
</testsuite> <!-- Test -->
