<?xml version="1.0" encoding="UTF-8"?>
<testng-results skipped="0" failed="1" ignored="2" total="7" passed="4">
  <reporter-output>
  </reporter-output>
  <suite name="Suite" duration-ms="28467" started-at="2019-06-17T13:58:29Z" finished-at="2019-06-17T13:58:57Z">
    <groups>
    </groups>
    <test name="Test" duration-ms="28467" started-at="2019-06-17T13:58:29Z" finished-at="2019-06-17T13:58:57Z">
      <class name="com.taxgenie.testcases.Login">
        <test-method status="PASS" signature="setUp()[pri:0, instance:com.taxgenie.testcases.Login@23bb8443]" name="setUp" is-config="true" duration-ms="15952" started-at="2019-06-17T13:58:13Z" finished-at="2019-06-17T13:58:29Z">
          <reporter-output>
          </reporter-output>
        </test-method> <!-- setUp -->
        <test-method status="PASS" signature="login()[pri:0, instance:com.taxgenie.testcases.Login@23bb8443]" name="login" duration-ms="10453" started-at="2019-06-17T13:58:29Z" finished-at="2019-06-17T13:58:39Z">
          <reporter-output>
          </reporter-output>
        </test-method> <!-- login -->
        <test-method status="PASS" signature="companyselection()[pri:1, instance:com.taxgenie.testcases.Login@23bb8443]" name="companyselection" duration-ms="5090" started-at="2019-06-17T13:58:39Z" finished-at="2019-06-17T13:58:44Z">
          <reporter-output>
          </reporter-output>
        </test-method> <!-- companyselection -->
      </class> <!-- com.taxgenie.testcases.Login -->
      <class name="com.taxgenie.testcases.Gstr2">
        <test-method status="PASS" signature="gstr2summ()[pri:4, instance:com.taxgenie.testcases.Gstr2@120d6fe6]" name="gstr2summ" duration-ms="3099" started-at="2019-06-17T13:58:54Z" finished-at="2019-06-17T13:58:57Z">
          <reporter-output>
          </reporter-output>
        </test-method> <!-- gstr2summ -->
      </class> <!-- com.taxgenie.testcases.Gstr2 -->
      <class name="com.taxgenie.testcases.ProductSelection">
        <test-method status="PASS" signature="productSelection()[pri:2, instance:com.taxgenie.testcases.ProductSelection@1176dcec]" name="productSelection" duration-ms="3657" started-at="2019-06-17T13:58:44Z" finished-at="2019-06-17T13:58:48Z">
          <reporter-output>
          </reporter-output>
        </test-method> <!-- productSelection -->
        <test-method status="FAIL" signature="fileUpload()[pri:3, instance:com.taxgenie.testcases.ProductSelection@1176dcec]" name="fileUpload" duration-ms="6148" started-at="2019-06-17T13:58:48Z" finished-at="2019-06-17T13:58:54Z">
          <exception class="org.openqa.selenium.support.ui.UnexpectedTagNameException">
            <message>
              <![CDATA[Element should have been "select" but was "span"
Build info: version: '3.14.0', revision: 'aacccce0', time: '2018-08-02T20:19:58.91Z'
System info: host: 'DESKTOP-U4UFQUC', ip: '192.168.100.47', os.name: 'Windows 10', os.arch: 'amd64', os.version: '10.0', java.version: '1.8.0_181'
Driver info: driver.version: unknown]]>
            </message>
            <full-stacktrace>
              <![CDATA[org.openqa.selenium.support.ui.UnexpectedTagNameException: Element should have been "select" but was "span"
Build info: version: '3.14.0', revision: 'aacccce0', time: '2018-08-02T20:19:58.91Z'
System info: host: 'DESKTOP-U4UFQUC', ip: '192.168.100.47', os.name: 'Windows 10', os.arch: 'amd64', os.version: '10.0', java.version: '1.8.0_181'
Driver info: driver.version: unknown
at org.openqa.selenium.support.ui.Select.<init>(Select.java:47)
at com.taxgenie.testcases.ProductSelection.fileUpload(ProductSelection.java:37)
at sun.reflect.NativeMethodAccessorImpl.invoke0(Native Method)
at sun.reflect.NativeMethodAccessorImpl.invoke(NativeMethodAccessorImpl.java:62)
at sun.reflect.DelegatingMethodAccessorImpl.invoke(DelegatingMethodAccessorImpl.java:43)
at java.lang.reflect.Method.invoke(Method.java:498)
at org.testng.internal.MethodInvocationHelper.invokeMethod(MethodInvocationHelper.java:124)
at org.testng.internal.Invoker.invokeMethod(Invoker.java:580)
at org.testng.internal.Invoker.invokeTestMethod(Invoker.java:716)
at org.testng.internal.Invoker.invokeTestMethods(Invoker.java:988)
at org.testng.internal.TestMethodWorker.invokeTestMethods(TestMethodWorker.java:125)
at org.testng.internal.TestMethodWorker.run(TestMethodWorker.java:109)
at org.testng.TestRunner.privateRun(TestRunner.java:648)
at org.testng.TestRunner.run(TestRunner.java:505)
at org.testng.SuiteRunner.runTest(SuiteRunner.java:455)
at org.testng.SuiteRunner.runSequentially(SuiteRunner.java:450)
at org.testng.SuiteRunner.privateRun(SuiteRunner.java:415)
at org.testng.SuiteRunner.run(SuiteRunner.java:364)
at org.testng.SuiteRunnerWorker.runSuite(SuiteRunnerWorker.java:52)
at org.testng.SuiteRunnerWorker.run(SuiteRunnerWorker.java:84)
at org.testng.TestNG.runSuitesSequentially(TestNG.java:1208)
at org.testng.TestNG.runSuitesLocally(TestNG.java:1137)
at org.testng.TestNG.runSuites(TestNG.java:1049)
at org.testng.TestNG.run(TestNG.java:1017)
at org.testng.remote.AbstractRemoteTestNG.run(AbstractRemoteTestNG.java:114)
at org.testng.remote.RemoteTestNG.initAndRun(RemoteTestNG.java:251)
at org.testng.remote.RemoteTestNG.main(RemoteTestNG.java:77)
]]>
            </full-stacktrace>
          </exception> <!-- org.openqa.selenium.support.ui.UnexpectedTagNameException -->
          <reporter-output>
          </reporter-output>
        </test-method> <!-- fileUpload -->
      </class> <!-- com.taxgenie.testcases.ProductSelection -->
    </test> <!-- Test -->
  </suite> <!-- Suite -->
</testng-results>
